[debug] [2025-05-05T09:44:15.990Z] ----------------------------------------------------------------------
[debug] [2025-05-05T09:44:15.992Z] Command:       C:\Program Files\nodejs\node.exe C:\Users\achak\AppData\Roaming\npm\node_modules\firebase-tools\lib\bin\firebase.js deploy
[debug] [2025-05-05T09:44:15.993Z] CLI Version:   13.29.1
[debug] [2025-05-05T09:44:15.993Z] Platform:      win32
[debug] [2025-05-05T09:44:15.993Z] Node Version:  v22.13.0
[debug] [2025-05-05T09:44:15.993Z] Time:          Mon May 05 2025 15:14:15 GMT+0530 (India Standard Time)
[debug] [2025-05-05T09:44:15.993Z] ----------------------------------------------------------------------
[debug] 
[debug] [2025-05-05T09:44:16.062Z] > command requires scopes: ["email","openid","https://www.googleapis.com/auth/cloudplatformprojects.readonly","https://www.googleapis.com/auth/firebase","https://www.googleapis.com/auth/cloud-platform"]
[debug] [2025-05-05T09:44:16.063Z] > authorizing via signed-in user (achakraborty169@gmail.com)
[debug] [2025-05-05T09:44:16.063Z] [iam] checking project ac-portfolio-site-2025 for permissions ["firebase.projects.get","firebasehosting.sites.update"]
[debug] [2025-05-05T09:44:16.064Z] Checked if tokens are valid: true, expires at: 1746441395870
[debug] [2025-05-05T09:44:16.064Z] Checked if tokens are valid: true, expires at: 1746441395870
[debug] [2025-05-05T09:44:16.065Z] >>> [apiv2][query] POST https://cloudresourcemanager.googleapis.com/v1/projects/ac-portfolio-site-2025:testIamPermissions [none]
[debug] [2025-05-05T09:44:16.065Z] >>> [apiv2][(partial)header] POST https://cloudresourcemanager.googleapis.com/v1/projects/ac-portfolio-site-2025:testIamPermissions x-goog-quota-user=projects/ac-portfolio-site-2025
[debug] [2025-05-05T09:44:16.065Z] >>> [apiv2][body] POST https://cloudresourcemanager.googleapis.com/v1/projects/ac-portfolio-site-2025:testIamPermissions {"permissions":["firebase.projects.get","firebasehosting.sites.update"]}
[debug] [2025-05-05T09:44:17.644Z] <<< [apiv2][status] POST https://cloudresourcemanager.googleapis.com/v1/projects/ac-portfolio-site-2025:testIamPermissions 200
[debug] [2025-05-05T09:44:17.644Z] <<< [apiv2][body] POST https://cloudresourcemanager.googleapis.com/v1/projects/ac-portfolio-site-2025:testIamPermissions {"permissions":["firebase.projects.get","firebasehosting.sites.update"]}
[debug] [2025-05-05T09:44:17.645Z] Checked if tokens are valid: true, expires at: 1746441395870
[debug] [2025-05-05T09:44:17.645Z] Checked if tokens are valid: true, expires at: 1746441395870
[debug] [2025-05-05T09:44:17.645Z] >>> [apiv2][query] GET https://firebase.googleapis.com/v1beta1/projects/ac-portfolio-site-2025 [none]
[debug] [2025-05-05T09:44:18.129Z] <<< [apiv2][status] GET https://firebase.googleapis.com/v1beta1/projects/ac-portfolio-site-2025 200
[debug] [2025-05-05T09:44:18.130Z] <<< [apiv2][body] GET https://firebase.googleapis.com/v1beta1/projects/ac-portfolio-site-2025 {"projectId":"ac-portfolio-site-2025","projectNumber":"684997828632","displayName":"Ashis Chakraborty Portfolio","name":"projects/ac-portfolio-site-2025","resources":{"hostingSite":"ac-portfolio-site-2025"},"state":"ACTIVE","etag":"1_06927c3f-e897-4e6b-b321-50e9192820f3"}
[info] 
[info] === Deploying to 'ac-portfolio-site-2025'...
[info] 
[info] i  deploying hosting 
[debug] [2025-05-05T09:44:18.142Z] Checked if tokens are valid: true, expires at: 1746441395870
[debug] [2025-05-05T09:44:18.142Z] Checked if tokens are valid: true, expires at: 1746441395870
[debug] [2025-05-05T09:44:18.142Z] >>> [apiv2][query] POST https://firebasehosting.googleapis.com/v1beta1/projects/-/sites/ac-portfolio-site-2025/versions [none]
[debug] [2025-05-05T09:44:18.142Z] >>> [apiv2][body] POST https://firebasehosting.googleapis.com/v1beta1/projects/-/sites/ac-portfolio-site-2025/versions {"status":"CREATED","labels":{"deployment-tool":"cli-firebase"}}
[debug] [2025-05-05T09:44:19.609Z] <<< [apiv2][status] POST https://firebasehosting.googleapis.com/v1beta1/projects/-/sites/ac-portfolio-site-2025/versions 200
[debug] [2025-05-05T09:44:19.609Z] <<< [apiv2][body] POST https://firebasehosting.googleapis.com/v1beta1/projects/-/sites/ac-portfolio-site-2025/versions {"name":"projects/684997828632/sites/ac-portfolio-site-2025/versions/1a749c56087f6d5e","status":"CREATED","config":{},"labels":{"deployment-tool":"cli-firebase"}}
[info] i  hosting[ac-portfolio-site-2025]: beginning deploy... 
[info] i  hosting[ac-portfolio-site-2025]: found 19 files in dist/ashis-portflio/browser 
[debug] [2025-05-05T09:44:19.628Z] [hosting] uploading with 200 concurrency
[debug] [2025-05-05T09:44:19.659Z] Checked if tokens are valid: true, expires at: 1746441395870
[debug] [2025-05-05T09:44:19.659Z] Checked if tokens are valid: true, expires at: 1746441395870
[debug] [2025-05-05T09:44:19.661Z] [hosting] hash cache [ZGlzdFxhc2hpcy1wb3J0Zmxpb1xicm93c2Vy] stored for 19 files
[debug] [2025-05-05T09:44:19.661Z] [hosting][hash queue][FINAL] {"max":26,"min":0,"avg":3.6315789473684212,"active":0,"complete":19,"success":19,"errored":0,"retried":0,"total":19,"elapsed":30}
[debug] [2025-05-05T09:44:19.662Z] >>> [apiv2][query] POST https://firebasehosting.googleapis.com/v1beta1/projects/684997828632/sites/ac-portfolio-site-2025/versions/1a749c56087f6d5e:populateFiles [none]
[debug] [2025-05-05T09:44:19.662Z] >>> [apiv2][body] POST https://firebasehosting.googleapis.com/v1beta1/projects/684997828632/sites/ac-portfolio-site-2025/versions/1a749c56087f6d5e:populateFiles {"files":{"/favicon.ico":"a905b13e228420df3dbe746dfb656d37a49736494c0737d00e007c8dc7319912","/assets/Ashis_Chakraborty_Resume.pdf":"c2995de1bb308c0cfe30dda0a3db8f171cfb26e55537b5c584bf33c2aed20f48","/assets/images/skills/tailwind.svg":"5e02a3baeb7fbfc9ab006b771a4ac705ffe7f65770fd0cb915a9522845856e3d","/assets/images/skills/node-js.svg":"2c9f3031364e71231fb0aed9c50066aef09400745baf57503848011127ea3122","/assets/images/skills/mongodb.svg":"f2df768268dbb41957ad227ac9efc8970170eb540ca63c3ecd1c4848f4845ad0","/assets/images/skills/html.svg":"a1f6b79eb2e93290ce26007131a14fcf13c763ce9e50337b669f8132dca3354f","/assets/images/skills/git.svg":"6fe74a3e7401bb67755a0851d6ceaf02f2f1b80d6d2340142993dd881d1d3cf4","/assets/images/skills/express-js.svg":"dcf3c6ca70cf9a8f79e9c1fb9f8ddd0ec5ed2c71375a69ab2f02c7c21070ad81","/assets/images/skills/docker.svg":"2e3de9ef4267f5bf7cda47e3624e16c841d2edcc511cc7bc425b2ee6fdb81528","/assets/images/skills/default-skill.svg":"b511fe6a170085bcd6537dde7d360dbef43980bc71c22e3c95c244d1f7417d10","/assets/images/skills/css.svg":"c99212e582e54d28b9461fad829b7f497bf94fce352813310268146eed658bff","/assets/images/skills/bootstrap.svg":"e870bb6e61dc73b78ca642a9e5121c1ef5a2364240f0b6af4a1849399f863f8c","/assets/images/skills/angular.svg":"46d7304d220c50ddeb2dcc0d401400c8f9772d052a7d0f626b738933dae6f7f0","/assets/data/resume.json":"07a804bd910537a31346337a65b9791e62f0de04b81c16e9dc0a40afb883815b","/styles-5INURTSO.css":"46b50c321b39e89a491b6727a01628c34245605a30beb3e7414c5e01cff90e6e","/index.csr.html":"a438bbf8d971bfdd459bc9a1d44a363a9237d7d4de08531439ec80874a327dcd","/polyfills-FFHMD2TL.js":"736494ba509ebe13a13ff57f0d4921ecfd9eb2ac4e8efe5d5fc1704b4b1d9b35","/index.html":"d89c91ef2db1cee6e0546ffb61bafc18e93742c37fa6c45a48a5d1f2b511d9ff","/main-TMWSNAI3.js":"72e7daf6c864af74a656b4f2df7785680f9786fed79164af53314f614dcdd78d"}}
[debug] [2025-05-05T09:44:20.265Z] <<< [apiv2][status] POST https://firebasehosting.googleapis.com/v1beta1/projects/684997828632/sites/ac-portfolio-site-2025/versions/1a749c56087f6d5e:populateFiles 200
[debug] [2025-05-05T09:44:20.265Z] <<< [apiv2][body] POST https://firebasehosting.googleapis.com/v1beta1/projects/684997828632/sites/ac-portfolio-site-2025/versions/1a749c56087f6d5e:populateFiles {"uploadUrl":"https://upload-firebasehosting.googleapis.com/upload/sites/ac-portfolio-site-2025/versions/1a749c56087f6d5e/files"}
[debug] [2025-05-05T09:44:20.266Z] [hosting][populate queue][FINAL] {"max":607,"min":607,"avg":607,"active":0,"complete":1,"success":1,"errored":0,"retried":0,"total":1,"elapsed":607}
[debug] [2025-05-05T09:44:20.266Z] [hosting] uploads queued: 0
[debug] [2025-05-05T09:44:20.266Z] [hosting][upload queue][FINAL] {"max":0,"min":9999999999,"avg":0,"active":0,"complete":0,"success":0,"errored":0,"retried":0,"total":0,"elapsed":1746438260266}
[info] +  hosting[ac-portfolio-site-2025]: file upload complete 
[debug] [2025-05-05T09:44:20.267Z] [hosting] deploy completed after 656ms
[debug] [2025-05-05T09:44:20.267Z] [
  {
    "config": {
      "public": "dist/ashis-portflio/browser",
      "ignore": [
        "firebase.json",
        "**/.*",
        "**/node_modules/**"
      ],
      "rewrites": [
        {
          "source": "**",
          "destination": "/index.html"
        }
      ],
      "site": "ac-portfolio-site-2025"
    },
    "version": "projects/684997828632/sites/ac-portfolio-site-2025/versions/1a749c56087f6d5e"
  }
]
[info] i  hosting[ac-portfolio-site-2025]: finalizing version... 
[debug] [2025-05-05T09:44:20.269Z] Checked if tokens are valid: true, expires at: 1746441395870
[debug] [2025-05-05T09:44:20.269Z] Checked if tokens are valid: true, expires at: 1746441395870
[debug] [2025-05-05T09:44:20.269Z] >>> [apiv2][query] PATCH https://firebasehosting.googleapis.com/v1beta1/projects/-/sites/ac-portfolio-site-2025/versions/1a749c56087f6d5e updateMask=status%2Cconfig
[debug] [2025-05-05T09:44:20.269Z] >>> [apiv2][body] PATCH https://firebasehosting.googleapis.com/v1beta1/projects/-/sites/ac-portfolio-site-2025/versions/1a749c56087f6d5e {"status":"FINALIZED","config":{"rewrites":[{"glob":"**","path":"/index.html"}]}}
